# JRE version: OpenJDK Runtime Environment (8.0_242-b01) (build 1.8.0_242-release-1644-b01)
# Java VM: OpenJDK 64-Bit Server VM (25.242-b01 mixed mode windows-amd64 compressed oops)
Heap:
 PSYoungGen      total 452096K, used 81378K [0x00000000d5580000, 0x00000000f8d00000, 0x0000000100000000)
  eden space 335872K, 14% used [0x00000000d5580000,0x00000000d844f218,0x00000000e9d80000)
  from space 116224K, 28% used [0x00000000f1280000,0x00000000f33296b8,0x00000000f8400000)
  to   space 119808K, 0% used [0x00000000e9d80000,0x00000000e9d80000,0x00000000f1280000)
 ParOldGen       total 339456K, used 129346K [0x0000000080000000, 0x0000000094b80000, 0x00000000d5580000)
  object space 339456K, 38% used [0x0000000080000000,0x0000000087e509a0,0x0000000094b80000)
 Metaspace       used 198027K, capacity 208190K, committed 209008K, reserved 1232896K
  class space    used 24191K, capacity 26029K, committed 26224K, reserved 1048576K
GC Heap History (10 events):
Event: 29054.929 GC heap before
{Heap before GC invocations=71 (full 5):
 PSYoungGen      total 410112K, used 393984K [0x00000000d5580000, 0x00000000f8400000, 0x0000000100000000)
  eden space 303104K, 100% used [0x00000000d5580000,0x00000000e7d80000,0x00000000e7d80000)
  from space 107008K, 84% used [0x00000000e7d80000,0x00000000ed640200,0x00000000ee600000)
  to   space 116224K, 0% used [0x00000000f1280000,0x00000000f1280000,0x00000000f8400000)
 ParOldGen       total 339456K, used 98295K [0x0000000080000000, 0x0000000094b80000, 0x00000000d5580000)
  object space 339456K, 28% used [0x0000000080000000,0x0000000085ffdc20,0x0000000094b80000)
 Metaspace       used 197599K, capacity 207792K, committed 208752K, reserved 1232896K
  class space    used 24179K, capacity 26020K, committed 26224K, reserved 1048576K
Event: 29055.037 GC heap after
Heap after GC invocations=71 (full 5):
 PSYoungGen      total 452096K, used 82379K [0x00000000d5580000, 0x00000000f8d00000, 0x0000000100000000)
  eden space 335872K, 0% used [0x00000000d5580000,0x00000000d5580000,0x00000000e9d80000)
  from space 116224K, 70% used [0x00000000f1280000,0x00000000f62f2d60,0x00000000f8400000)
  to   space 119808K, 0% used [0x00000000e9d80000,0x00000000e9d80000,0x00000000f1280000)
 ParOldGen       total 339456K, used 98303K [0x0000000080000000, 0x0000000094b80000, 0x00000000d5580000)
  object space 339456K, 28% used [0x0000000080000000,0x0000000085fffc20,0x0000000094b80000)
 Metaspace       used 197599K, capacity 207792K, committed 208752K, reserved 1232896K
  class space    used 24179K, capacity 26020K, committed 26224K, reserved 1048576K
}
Event: 29057.062 GC heap before
{Heap before GC invocations=72 (full 5):
 PSYoungGen      total 452096K, used 418251K [0x00000000d5580000, 0x00000000f8d00000, 0x0000000100000000)
  eden space 335872K, 100% used [0x00000000d5580000,0x00000000e9d80000,0x00000000e9d80000)
  from space 116224K, 70% used [0x00000000f1280000,0x00000000f62f2d60,0x00000000f8400000)
  to   space 119808K, 0% used [0x00000000e9d80000,0x00000000e9d80000,0x00000000f1280000)
 ParOldGen       total 339456K, used 98303K [0x0000000080000000, 0x0000000094b80000, 0x00000000d5580000)
  object space 339456K, 28% used [0x0000000080000000,0x0000000085fffc20,0x0000000094b80000)
 Metaspace       used 197733K, capacity 207896K, committed 208752K, reserved 1232896K
  class space    used 24188K, capacity 26026K, committed 26224K, reserved 1048576K
Event: 29057.213 GC heap after
Heap after GC invocations=72 (full 5):
 PSYoungGen      total 455680K, used 85656K [0x00000000d5580000, 0x00000000f8d00000, 0x0000000100000000)
  eden space 335872K, 0% used [0x00000000d5580000,0x00000000d5580000,0x00000000e9d80000)
  from space 119808K, 71% used [0x00000000e9d80000,0x00000000ef126190,0x00000000f1280000)
  to   space 116224K, 0% used [0x00000000f1280000,0x00000000f1280000,0x00000000f8400000)
 ParOldGen       total 339456K, used 98311K [0x0000000080000000, 0x0000000094b80000, 0x00000000d5580000)
  object space 339456K, 28% used [0x0000000080000000,0x0000000086001c20,0x0000000094b80000)
 Metaspace       used 197733K, capacity 207896K, committed 208752K, reserved 1232896K
  class space    used 24188K, capacity 26026K, committed 26224K, reserved 1048576K
}
Event: 29059.064 GC heap before
{Heap before GC invocations=73 (full 5):
 PSYoungGen      total 455680K, used 421528K [0x00000000d5580000, 0x00000000f8d00000, 0x0000000100000000)
  eden space 335872K, 100% used [0x00000000d5580000,0x00000000e9d80000,0x00000000e9d80000)
  from space 119808K, 71% used [0x00000000e9d80000,0x00000000ef126190,0x00000000f1280000)
  to   space 116224K, 0% used [0x00000000f1280000,0x00000000f1280000,0x00000000f8400000)
 ParOldGen       total 339456K, used 98311K [0x0000000080000000, 0x0000000094b80000, 0x00000000d5580000)
  object space 339456K, 28% used [0x0000000080000000,0x0000000086001c20,0x0000000094b80000)
 Metaspace       used 197767K, capacity 207970K, committed 209008K, reserved 1232896K
  class space    used 24189K, capacity 26027K, committed 26224K, reserved 1048576K
Event: 29059.198 GC heap after
Heap after GC invocations=73 (full 5):
 PSYoungGen      total 452096K, used 85458K [0x00000000d5580000, 0x00000000f8d00000, 0x0000000100000000)
  eden space 335872K, 0% used [0x00000000d5580000,0x00000000d5580000,0x00000000e9d80000)
  from space 116224K, 73% used [0x00000000f1280000,0x00000000f65f4878,0x00000000f8400000)
  to   space 119808K, 0% used [0x00000000e9d80000,0x00000000e9d80000,0x00000000f1280000)
 ParOldGen       total 339456K, used 98319K [0x0000000080000000, 0x0000000094b80000, 0x00000000d5580000)
  object space 339456K, 28% used [0x0000000080000000,0x0000000086003c20,0x0000000094b80000)
 Metaspace       used 197767K, capacity 207970K, committed 209008K, reserved 1232896K
  class space    used 24189K, capacity 26027K, committed 26224K, reserved 1048576K
}
Event: 29061.375 GC heap before
{Heap before GC invocations=74 (full 5):
 PSYoungGen      total 452096K, used 421330K [0x00000000d5580000, 0x00000000f8d00000, 0x0000000100000000)
  eden space 335872K, 100% used [0x00000000d5580000,0x00000000e9d80000,0x00000000e9d80000)
  from space 116224K, 73% used [0x00000000f1280000,0x00000000f65f4878,0x00000000f8400000)
  to   space 119808K, 0% used [0x00000000e9d80000,0x00000000e9d80000,0x00000000f1280000)
 ParOldGen       total 339456K, used 98319K [0x0000000080000000, 0x0000000094b80000, 0x00000000d5580000)
  object space 339456K, 28% used [0x0000000080000000,0x0000000086003c20,0x0000000094b80000)
 Metaspace       used 197916K, capacity 208106K, committed 209008K, reserved 1232896K
  class space    used 24189K, capacity 26027K, committed 26224K, reserved 1048576K
Event: 29061.550 GC heap after
Heap after GC invocations=74 (full 5):
 PSYoungGen      total 455680K, used 82010K [0x00000000d5580000, 0x00000000f8d00000, 0x0000000100000000)
  eden space 335872K, 0% used [0x00000000d5580000,0x00000000d5580000,0x00000000e9d80000)
  from space 119808K, 68% used [0x00000000e9d80000,0x00000000eed96b70,0x00000000f1280000)
  to   space 116224K, 0% used [0x00000000f1280000,0x00000000f1280000,0x00000000f8400000)
 ParOldGen       total 339456K, used 102282K [0x0000000080000000, 0x0000000094b80000, 0x00000000d5580000)
  object space 339456K, 30% used [0x0000000080000000,0x00000000863e28a8,0x0000000094b80000)
 Metaspace       used 197916K, capacity 208106K, committed 209008K, reserved 1232896K
  class space    used 24189K, capacity 26027K, committed 26224K, reserved 1048576K
}
Event: 29063.856 GC heap before
{Heap before GC invocations=75 (full 5):
 PSYoungGen      total 455680K, used 417882K [0x00000000d5580000, 0x00000000f8d00000, 0x0000000100000000)
  eden space 335872K, 99% used [0x00000000d5580000,0x00000000e9d7fe50,0x00000000e9d80000)
  from space 119808K, 68% used [0x00000000e9d80000,0x00000000eed96b70,0x00000000f1280000)
  to   space 116224K, 0% used [0x00000000f1280000,0x00000000f1280000,0x00000000f8400000)
 ParOldGen       total 339456K, used 102282K [0x0000000080000000, 0x0000000094b80000, 0x00000000d5580000)
  object space 339456K, 30% used [0x0000000080000000,0x00000000863e28a8,0x0000000094b80000)
 Metaspace       used 198019K, capacity 208178K, committed 209008K, reserved 1232896K
  class space    used 24190K, capacity 26027K, committed 26224K, reserved 1048576K
Event: 29063.969 GC heap after
Heap after GC invocations=75 (full 5):
 PSYoungGen      total 452096K, used 33445K [0x00000000d5580000, 0x00000000f8d00000, 0x0000000100000000)
  eden space 335872K, 0% used [0x00000000d5580000,0x00000000d5580000,0x00000000e9d80000)
  from space 116224K, 28% used [0x00000000f1280000,0x00000000f33296b8,0x00000000f8400000)
  to   space 119808K, 0% used [0x00000000e9d80000,0x00000000e9d80000,0x00000000f1280000)
 ParOldGen       total 339456K, used 129346K [0x0000000080000000, 0x0000000094b80000, 0x00000000d5580000)
  object space 339456K, 38% used [0x0000000080000000,0x0000000087e509a0,0x0000000094b80000)
 Metaspace       used 198019K, capacity 208178K, committed 209008K, reserved 1232896K
  class space    used 24190K, capacity 26027K, committed 26224K, reserved 1048576K
}

