# JRE version: OpenJDK Runtime Environment (8.0_242-b01) (build 1.8.0_242-release-1644-b01)
# Java VM: OpenJDK 64-Bit Server VM (25.242-b01 mixed mode windows-amd64 compressed oops)
Heap:
 PSYoungGen      total 56832K, used 12618K [0x00000000d5580000, 0x00000000dc480000, 0x0000000100000000)
  eden space 49152K, 10% used [0x00000000d5580000,0x00000000d5a52f08,0x00000000d8580000)
  from space 7680K, 99% used [0x00000000d8580000,0x00000000d8cffbf0,0x00000000d8d00000)
  to   space 7680K, 0% used [0x00000000dbd00000,0x00000000dbd00000,0x00000000dc480000)
 ParOldGen       total 130048K, used 943K [0x0000000080000000, 0x0000000087f00000, 0x00000000d5580000)
  object space 130048K, 0% used [0x0000000080000000,0x00000000800ebd40,0x0000000087f00000)
 Metaspace       used 16253K, capacity 16830K, committed 17024K, reserved 1064960K
  class space    used 2196K, capacity 2389K, committed 2432K, reserved 1048576K
GC Heap History (6 events):
Event: 3.302 GC heap before
{Heap before GC invocations=1 (full 0):
 PSYoungGen      total 56832K, used 49152K [0x00000000d5580000, 0x00000000d9480000, 0x0000000100000000)
  eden space 49152K, 100% used [0x00000000d5580000,0x00000000d8580000,0x00000000d8580000)
  from space 7680K, 0% used [0x00000000d8d00000,0x00000000d8d00000,0x00000000d9480000)
  to   space 7680K, 0% used [0x00000000d8580000,0x00000000d8580000,0x00000000d8d00000)
 ParOldGen       total 130048K, used 0K [0x0000000080000000, 0x0000000087f00000, 0x00000000d5580000)
  object space 130048K, 0% used [0x0000000080000000,0x0000000080000000,0x0000000087f00000)
 Metaspace       used 7229K, capacity 7440K, committed 7680K, reserved 1056768K
  class space    used 883K, capacity 968K, committed 1024K, reserved 1048576K
Event: 3.313 GC heap after
Heap after GC invocations=1 (full 0):
 PSYoungGen      total 56832K, used 4630K [0x00000000d5580000, 0x00000000d9480000, 0x0000000100000000)
  eden space 49152K, 0% used [0x00000000d5580000,0x00000000d5580000,0x00000000d8580000)
  from space 7680K, 60% used [0x00000000d8580000,0x00000000d8a05aa0,0x00000000d8d00000)
  to   space 7680K, 0% used [0x00000000d8d00000,0x00000000d8d00000,0x00000000d9480000)
 ParOldGen       total 130048K, used 8K [0x0000000080000000, 0x0000000087f00000, 0x00000000d5580000)
  object space 130048K, 0% used [0x0000000080000000,0x0000000080002000,0x0000000087f00000)
 Metaspace       used 7229K, capacity 7440K, committed 7680K, reserved 1056768K
  class space    used 883K, capacity 968K, committed 1024K, reserved 1048576K
}
Event: 5.452 GC heap before
{Heap before GC invocations=2 (full 0):
 PSYoungGen      total 56832K, used 53782K [0x00000000d5580000, 0x00000000d9480000, 0x0000000100000000)
  eden space 49152K, 100% used [0x00000000d5580000,0x00000000d8580000,0x00000000d8580000)
  from space 7680K, 60% used [0x00000000d8580000,0x00000000d8a05aa0,0x00000000d8d00000)
  to   space 7680K, 0% used [0x00000000d8d00000,0x00000000d8d00000,0x00000000d9480000)
 ParOldGen       total 130048K, used 8K [0x0000000080000000, 0x0000000087f00000, 0x00000000d5580000)
  object space 130048K, 0% used [0x0000000080000000,0x0000000080002000,0x0000000087f00000)
 Metaspace       used 11831K, capacity 12130K, committed 12288K, reserved 1060864K
  class space    used 1567K, capacity 1687K, committed 1792K, reserved 1048576K
Event: 5.479 GC heap after
Heap after GC invocations=2 (full 0):
 PSYoungGen      total 56832K, used 6385K [0x00000000d5580000, 0x00000000d9480000, 0x0000000100000000)
  eden space 49152K, 0% used [0x00000000d5580000,0x00000000d5580000,0x00000000d8580000)
  from space 7680K, 83% used [0x00000000d8d00000,0x00000000d933c568,0x00000000d9480000)
  to   space 7680K, 0% used [0x00000000d8580000,0x00000000d8580000,0x00000000d8d00000)
 ParOldGen       total 130048K, used 16K [0x0000000080000000, 0x0000000087f00000, 0x00000000d5580000)
  object space 130048K, 0% used [0x0000000080000000,0x0000000080004000,0x0000000087f00000)
 Metaspace       used 11831K, capacity 12130K, committed 12288K, reserved 1060864K
  class space    used 1567K, capacity 1687K, committed 1792K, reserved 1048576K
}
Event: 6.940 GC heap before
{Heap before GC invocations=3 (full 0):
 PSYoungGen      total 56832K, used 55537K [0x00000000d5580000, 0x00000000d9480000, 0x0000000100000000)
  eden space 49152K, 100% used [0x00000000d5580000,0x00000000d8580000,0x00000000d8580000)
  from space 7680K, 83% used [0x00000000d8d00000,0x00000000d933c568,0x00000000d9480000)
  to   space 7680K, 0% used [0x00000000d8580000,0x00000000d8580000,0x00000000d8d00000)
 ParOldGen       total 130048K, used 16K [0x0000000080000000, 0x0000000087f00000, 0x00000000d5580000)
  object space 130048K, 0% used [0x0000000080000000,0x0000000080004000,0x0000000087f00000)
 Metaspace       used 15734K, capacity 16178K, committed 16512K, reserved 1062912K
  class space    used 2128K, capacity 2317K, committed 2432K, reserved 1048576K
Event: 7.009 GC heap after
Heap after GC invocations=3 (full 0):
 PSYoungGen      total 56832K, used 7678K [0x00000000d5580000, 0x00000000dc480000, 0x0000000100000000)
  eden space 49152K, 0% used [0x00000000d5580000,0x00000000d5580000,0x00000000d8580000)
  from space 7680K, 99% used [0x00000000d8580000,0x00000000d8cffbf0,0x00000000d8d00000)
  to   space 7680K, 0% used [0x00000000dbd00000,0x00000000dbd00000,0x00000000dc480000)
 ParOldGen       total 130048K, used 943K [0x0000000080000000, 0x0000000087f00000, 0x00000000d5580000)
  object space 130048K, 0% used [0x0000000080000000,0x00000000800ebd40,0x0000000087f00000)
 Metaspace       used 15734K, capacity 16178K, committed 16512K, reserved 1062912K
  class space    used 2128K, capacity 2317K, committed 2432K, reserved 1048576K
}

